\BOOKMARK [1][-]{section.1}{\376\377\000O\000v\000e\000r\000v\000i\000e\000w\000\040\000f\000o\000r\000\040\000p\000a\000r\000t\000\040\000o\000n\000e\000:}{}% 1
\BOOKMARK [2][-]{subsection.1.1}{\376\377\0001\000-\000d\000\040\000L\000i\000n\000e\000a\000r\000\040\000G\000a\000u\000s\000s\000i\000a\000n\000\040\000m\000o\000d\000e\000l\000\040\000a\000n\000d\000\040\000K\000a\000l\000m\000a\000n\000\040\000f\000i\000l\000t\000e\000r}{section.1}% 2
\BOOKMARK [2][-]{subsection.1.2}{\376\377\000G\000e\000n\000e\000r\000a\000l\000i\000z\000a\000t\000i\000o\000n\000\040\000o\000f\000\040\000K\000a\000l\000m\000a\000n\000\040\000f\000i\000l\000t\000e\000r}{section.1}% 3
\BOOKMARK [2][-]{subsection.1.3}{\376\377\000U\000s\000e\000\040\000p\000a\000r\000t\000i\000c\000l\000e\000s}{section.1}% 4
\BOOKMARK [2][-]{subsection.1.4}{\376\377\000P\000a\000r\000t\000i\000c\000l\000e\000\040\000f\000l\000o\000w}{section.1}% 5
\BOOKMARK [2][-]{subsection.1.5}{\376\377\000\050\000I\000n\000v\000e\000r\000t\000i\000b\000l\000e\000\051\000\040\000P\000a\000r\000t\000i\000c\000l\000e\000\040\000f\000l\000o\000w\000\040\000p\000a\000r\000t\000i\000c\000l\000e\000\040\000f\000i\000l\000t\000e\000r}{section.1}% 6
\BOOKMARK [3][-]{subsubsection.1.5.1}{\376\377\000P\000a\000r\000t\000i\000c\000l\000e\000\040\000F\000l\000o\000w\000\040\000P\000a\000r\000t\000i\000c\000l\000e\000\040\000F\000i\000l\000t\000e\000r\000\040\000\050\000E\000D\000H\000/\000L\000E\000D\000H\000\051}{subsection.1.5}% 7
\BOOKMARK [3][-]{subsubsection.1.5.2}{\376\377\000J\000a\000c\000o\000b\000i\000a\000n\000\040\000o\000f\000\040\000a\000n\000\040\000A\000f\000f\000i\000n\000e\000\040\000M\000a\000p}{subsection.1.5}% 8
\BOOKMARK [3][-]{subsubsection.1.5.3}{\376\377\000D\000e\000t\000e\000r\000m\000i\000n\000a\000n\000t\000\040\000o\000f\000\040\000t\000h\000e\000\040\000J\000a\000c\000o\000b\000i\000a\000n}{subsection.1.5}% 9
\BOOKMARK [3][-]{subsubsection.1.5.4}{\376\377\000S\000u\000m\000m\000a\000r\000y\000:\000\040\000C\000o\000m\000p\000u\000t\000a\000t\000i\000o\000n\000a\000l\000\040\000R\000e\000c\000i\000p\000e}{subsection.1.5}% 10
\BOOKMARK [3][-]{subsubsection.1.5.5}{\376\377\000C\000o\000n\000n\000e\000c\000t\000i\000o\000n\000\040\000t\000o\000\040\000W\000e\000i\000g\000h\000t\000\040\000U\000p\000d\000a\000t\000e}{subsection.1.5}% 11
\BOOKMARK [2][-]{subsection.1.6}{\376\377\000P\000a\000r\000t\000i\000c\000l\000e\000\040\000f\000l\000o\000w\000\040\000f\000i\000l\000t\000e\000r\000\040\000\050\000k\000e\000r\000n\000e\000l\000\040\000m\000e\000t\000h\000o\000d\000\051}{section.1}% 12
\BOOKMARK [3][-]{subsubsection.1.6.1}{\376\377\000O\000p\000t\000i\000m\000a\000l\000\040\000T\000r\000a\000n\000s\000p\000o\000r\000t\000\040\000v\000i\000a\000\040\000G\000r\000a\000d\000i\000e\000n\000t\000\040\000F\000l\000o\000w}{subsection.1.6}% 13
\BOOKMARK [3][-]{subsubsection.1.6.2}{\376\377\000D\000e\000r\000i\000v\000i\000n\000g\000\040\000O\000p\000t\000i\000m\000a\000l\000\040\000V\000e\000l\000o\000c\000i\000t\000y\000\040\000v\000i\000a\000\040\000K\000e\000r\000n\000e\000l\000\040\000R\000e\000s\000t\000r\000i\000c\000t\000i\000o\000n}{subsection.1.6}% 14
\BOOKMARK [3][-]{subsubsection.1.6.3}{\376\377\000S\000c\000a\000l\000a\000r\000\040\000K\000e\000r\000n\000e\000l}{subsection.1.6}% 15
\BOOKMARK [3][-]{subsubsection.1.6.4}{\376\377\000M\000a\000t\000r\000i\000x\000-\000V\000a\000l\000u\000e\000d\000\040\000K\000e\000r\000n\000e\000l}{subsection.1.6}% 16
\BOOKMARK [1][-]{section.2}{\376\377\000P\000a\000r\000t\000\040\000o\000n\000e}{}% 17
\BOOKMARK [2][-]{subsection.2.1}{\376\377\000K\000a\000l\000m\000a\000n\000\040\000f\000i\000l\000t\000e\000r}{section.2}% 18
\BOOKMARK [3][-]{subsubsection.2.1.1}{\376\377\0001\000-\000d\000\040\000f\000i\000l\000t\000e\000r\000\040\000i\000m\000p\000l\000e\000m\000e\000n\000t\000a\000t\000i\000o\000n}{subsection.2.1}% 19
\BOOKMARK [3][-]{subsubsection.2.1.2}{\376\377\000J\000o\000s\000e\000p\000h\000\040\000f\000o\000r\000m\000\040\000v\000s\000\040\000s\000t\000a\000n\000d\000a\000r\000d\000\040\000c\000o\000v\000a\000r\000i\000a\000n\000c\000e\000\040\000u\000p\000d\000a\000t\000e}{subsection.2.1}% 20
\BOOKMARK [2][-]{subsection.2.2}{\376\377\000E\000K\000F\000,\000\040\000U\000K\000F\000\040\000a\000n\000d\000\040\000p\000a\000r\000t\000i\000c\000l\000e\000\040\000f\000i\000l\000t\000e\000r}{section.2}% 21
\BOOKMARK [2][-]{subsection.2.3}{\376\377\000A\000l\000l\000\040\000a\000b\000o\000u\000t\000\040\000p\000a\000r\000t\000i\000c\000l\000e\000\040\000f\000l\000o\000w}{section.2}% 22
\BOOKMARK [3][-]{subsubsection.2.3.1}{\376\377\000E\000D\000H\000,\000\040\000L\000E\000D\000H\000\040\000a\000n\000d\000\040\000P\000F\000-\000P\000F}{subsection.2.3}% 23
\BOOKMARK [3][-]{subsubsection.2.3.2}{\376\377\000P\000F\000F\000-\000k\000e\000r\000n\000e\000l\000\040\000m\000e\000t\000h\000o\000d}{subsection.2.3}% 24
\BOOKMARK [1][-]{section.3}{\376\377\000P\000a\000r\000t\000\040\000t\000w\000o}{}% 25
\BOOKMARK [1][-]{section.4}{\376\377\000B\000o\000n\000u\000e\000s}{}% 26
